SF:lib/feature/todo/infra/repository/todo_repository.dart
DA:7,2
DA:12,2
LF:2
LH:2
end_of_record
SF:lib/feature/todo/domain/entity/todo_entity.dart
DA:8,3
LF:1
LH:1
end_of_record
SF:lib/feature/todo/domain/failure/todo_failure.dart
DA:7,3
LF:1
LH:1
end_of_record
SF:lib/feature/todo/app/controller/todo_controller.dart
DA:10,2
DA:12,1
DA:14,1
DA:16,2
DA:18,2
DA:19,0
DA:20,2
DA:24,1
DA:26,1
DA:28,2
DA:30,2
DA:31,2
DA:32,0
LF:13
LH:11
end_of_record
SF:lib/feature/todo/app/state/todo_state.dart
DA:9,3
LF:1
LH:1
end_of_record
